<?xml version="1.0" encoding="UTF-8"?>
<testsuite xmlns:xsi="http://www.w3.org/2001/XMLSchema-instance" xsi:noNamespaceSchemaLocation="https://maven.apache.org/surefire/maven-surefire-plugin/xsd/surefire-test-report-3.0.xsd" version="3.0" name="com.mycompany.midProject.AppTest" time="0.012" tests="1" errors="0" skipped="0" failures="0">
  <properties>
    <property name="java.specification.version" value="20"/>
    <property name="sun.cpu.isalist" value="amd64"/>
    <property name="sun.jnu.encoding" value="Cp1252"/>
    <property name="java.class.path" value="C:\Users\KaiZu\Documents\NetBeansProjects\midProject\target\test-classes;C:\Users\KaiZu\Documents\NetBeansProjects\midProject\target\classes;C:\Users\KaiZu\.m2\repository\junit\junit\3.8.1\junit-3.8.1.jar;C:\Users\KaiZu\.m2\repository\mysql\mysql-connector-java\8.0.30\mysql-connector-java-8.0.30.jar;C:\Users\KaiZu\.m2\repository\com\google\protobuf\protobuf-java\3.19.4\protobuf-java-3.19.4.jar;C:\Users\KaiZu\.m2\repository\org\openjfx\javafx-controls\17\javafx-controls-17.jar;C:\Users\KaiZu\.m2\repository\org\openjfx\javafx-controls\17\javafx-controls-17-win.jar;C:\Users\KaiZu\.m2\repository\org\openjfx\javafx-graphics\17\javafx-graphics-17.jar;C:\Users\KaiZu\.m2\repository\org\openjfx\javafx-graphics\17\javafx-graphics-17-win.jar;C:\Users\KaiZu\.m2\repository\org\openjfx\javafx-base\17\javafx-base-17.jar;C:\Users\KaiZu\.m2\repository\org\openjfx\javafx-base\17\javafx-base-17-win.jar;C:\Users\KaiZu\.m2\repository\org\openjfx\javafx-fxml\17\javafx-fxml-17.jar;C:\Users\KaiZu\.m2\repository\org\openjfx\javafx-fxml\17\javafx-fxml-17-win.jar;"/>
    <property name="java.vm.vendor" value="Oracle Corporation"/>
    <property name="sun.arch.data.model" value="64"/>
    <property name="user.variant" value=""/>
    <property name="java.vendor.url" value="https://java.oracle.com/"/>
    <property name="user.timezone" value="Asia/Riyadh"/>
    <property name="os.name" value="Windows 10"/>
    <property name="java.vm.specification.version" value="20"/>
    <property name="user.country" value="US"/>
    <property name="sun.java.launcher" value="SUN_STANDARD"/>
    <property name="sun.boot.library.path" value="C:\Program Files\Java\jdk-20\bin"/>
    <property name="sun.java.command" value="C:\Users\KaiZu\AppData\Local\Temp\surefire312928677337360466\surefirebooter-20230612235449251_3.jar C:\Users\KaiZu\AppData\Local\Temp\surefire312928677337360466 2023-06-12T23-54-49_177-jvmRun1 surefire-20230612235449251_1tmp surefire_0-20230612235449251_2tmp"/>
    <property name="jdk.debug" value="release"/>
    <property name="surefire.test.class.path" value="C:\Users\KaiZu\Documents\NetBeansProjects\midProject\target\test-classes;C:\Users\KaiZu\Documents\NetBeansProjects\midProject\target\classes;C:\Users\KaiZu\.m2\repository\junit\junit\3.8.1\junit-3.8.1.jar;C:\Users\KaiZu\.m2\repository\mysql\mysql-connector-java\8.0.30\mysql-connector-java-8.0.30.jar;C:\Users\KaiZu\.m2\repository\com\google\protobuf\protobuf-java\3.19.4\protobuf-java-3.19.4.jar;C:\Users\KaiZu\.m2\repository\org\openjfx\javafx-controls\17\javafx-controls-17.jar;C:\Users\KaiZu\.m2\repository\org\openjfx\javafx-controls\17\javafx-controls-17-win.jar;C:\Users\KaiZu\.m2\repository\org\openjfx\javafx-graphics\17\javafx-graphics-17.jar;C:\Users\KaiZu\.m2\repository\org\openjfx\javafx-graphics\17\javafx-graphics-17-win.jar;C:\Users\KaiZu\.m2\repository\org\openjfx\javafx-base\17\javafx-base-17.jar;C:\Users\KaiZu\.m2\repository\org\openjfx\javafx-base\17\javafx-base-17-win.jar;C:\Users\KaiZu\.m2\repository\org\openjfx\javafx-fxml\17\javafx-fxml-17.jar;C:\Users\KaiZu\.m2\repository\org\openjfx\javafx-fxml\17\javafx-fxml-17-win.jar;"/>
    <property name="sun.cpu.endian" value="little"/>
    <property name="user.home" value="C:\Users\KaiZu"/>
    <property name="user.language" value="en"/>
    <property name="java.specification.vendor" value="Oracle Corporation"/>
    <property name="java.version.date" value="2023-04-18"/>
    <property name="java.home" value="C:\Program Files\Java\jdk-20"/>
    <property name="file.separator" value="\"/>
    <property name="basedir" value="C:\Users\KaiZu\Documents\NetBeansProjects\midProject"/>
    <property name="java.vm.compressedOopsMode" value="Zero based"/>
    <property name="line.separator" value="&#10;"/>
    <property name="java.vm.specification.vendor" value="Oracle Corporation"/>
    <property name="java.specification.name" value="Java Platform API Specification"/>
    <property name="surefire.real.class.path" value="C:\Users\KaiZu\AppData\Local\Temp\surefire312928677337360466\surefirebooter-20230612235449251_3.jar"/>
    <property name="user.script" value=""/>
    <property name="sun.management.compiler" value="HotSpot 64-Bit Tiered Compilers"/>
    <property name="java.runtime.version" value="20.0.1+9-29"/>
    <property name="user.name" value="KaiZu"/>
    <property name="stdout.encoding" value="Cp1252"/>
    <property name="path.separator" value=";"/>
    <property name="os.version" value="10.0"/>
    <property name="java.runtime.name" value="Java(TM) SE Runtime Environment"/>
    <property name="file.encoding" value="UTF-8"/>
    <property name="java.vm.name" value="Java HotSpot(TM) 64-Bit Server VM"/>
    <property name="maven.ext.class.path" value="C:\Program Files\NetBeans-18\netbeans\java\maven-nblib\netbeans-eventspy.jar"/>
    <property name="localRepository" value="C:\Users\KaiZu\.m2\repository"/>
    <property name="java.vendor.url.bug" value="https://bugreport.java.com/bugreport/"/>
    <property name="java.io.tmpdir" value="C:\Users\KaiZu\AppData\Local\Temp\"/>
    <property name="java.version" value="20.0.1"/>
    <property name="user.dir" value="C:\Users\KaiZu\Documents\NetBeansProjects\midProject"/>
    <property name="os.arch" value="amd64"/>
    <property name="java.vm.specification.name" value="Java Virtual Machine Specification"/>
    <property name="sun.os.patch.level" value=""/>
    <property name="native.encoding" value="Cp1252"/>
    <property name="java.library.path" value="C:\Program Files\Java\jdk-20\bin;C:\Windows\Sun\Java\bin;C:\Windows\system32;C:\Windows;C:\Program Files\Common Files\Oracle\Java\javapath;C:\Program Files (x86)\Common Files\Oracle\Java\javapath;C:\Windows\system32;C:\Windows;C:\Windows\System32\Wbem;C:\Windows\System32\WindowsPowerShell\v1.0\;C:\Windows\System32\OpenSSH\;C:\Program Files\NVIDIA Corporation\NVIDIA NvDLISR;C:\Program Files (x86)\NVIDIA Corporation\PhysX\Common;C:\Program Files\dotnet\;C:\Users\KaiZu\AppData\Local\Microsoft\WindowsApps;;C:\Users\KaiZu\AppData\Local\Programs\Microsoft VS Code\bin;."/>
    <property name="java.vm.info" value="mixed mode, sharing"/>
    <property name="stderr.encoding" value="Cp1252"/>
    <property name="java.vendor" value="Oracle Corporation"/>
    <property name="java.vm.version" value="20.0.1+9-29"/>
    <property name="sun.io.unicode.encoding" value="UnicodeLittle"/>
    <property name="java.class.version" value="64.0"/>
  </properties>
  <testcase name="testApp" classname="com.mycompany.midProject.AppTest" time="0.002"/>
</testsuite>